<?xml version="1.0" encoding="UTF-8"?>
<!-- Generated by org.testng.reporters.JUnitReportReporter -->
<testsuite skipped="0" hostname="prakharastogi01" name="com.redbus.tests.InsurancePartner" tests="1" failures="0" timestamp="04 Jul 2021 15:46:18 GMT" time="30.557" errors="0">
  <testcase name="validInsurancePartnerTest" time="30.557" classname="com.redbus.tests.InsurancePartner"/>
</testsuite> <!-- com.redbus.tests.InsurancePartner -->
