<?xml version="1.0" encoding="UTF-8"?>
<!-- Generated by org.testng.reporters.JUnitReportReporter -->
<testsuite skipped="0" hostname="prakharastogi01" name="com.redbus.tests.BusPoolTest" tests="2" failures="0" timestamp="04 Jul 2021 15:07:53 GMT" time="60.555" errors="0">
  <testcase name="validBusPool" time="24.307" classname="com.redbus.tests.BusPoolTest"/>
  <testcase name="validBusPoolApp" time="36.248" classname="com.redbus.tests.BusPoolTest"/>
</testsuite> <!-- com.redbus.tests.BusPoolTest -->
