<?xml version="1.0" encoding="UTF-8"?>
<!-- Generated by org.testng.reporters.JUnitReportReporter -->
<testsuite skipped="0" hostname="prakharastogi01" name="com.redbus.tests.HelpSectionTest" tests="1" failures="0" timestamp="04 Jul 2021 17:04:08 GMT" time="34.775" errors="0">
  <testcase name="validHelpSection" time="34.775" classname="com.redbus.tests.HelpSectionTest"/>
</testsuite> <!-- com.redbus.tests.HelpSectionTest -->
