<?xml version="1.0" encoding="UTF-8"?>
<!-- Generated by org.testng.reporters.JUnitReportReporter -->
<testsuite skipped="2" hostname="prakharastogi01" name="com.redbus.tests.SearchTest" tests="3" failures="0" timestamp="01 Jul 2021 08:14:10 GMT" time="31.099" errors="0">
  <testcase name="whenUserEntersValidFromAndValidToAndInValidDate" time="31.099" classname="com.redbus.tests.SearchTest"/>
  <testcase name="whenUserEntersValidFromAndValidToAndValidDate" classname="com.redbus.tests.SearchTest">
    <skipped/>
  </testcase> <!-- whenUserEntersValidFromAndValidToAndValidDate -->
  <testcase name="whenUserEntersValidFromAndInValidToAndValidDate" classname="com.redbus.tests.SearchTest">
    <skipped/>
  </testcase> <!-- whenUserEntersValidFromAndInValidToAndValidDate -->
</testsuite> <!-- com.redbus.tests.SearchTest -->
