<?xml version="1.0" encoding="UTF-8"?>
<!-- Generated by org.testng.reporters.JUnitReportReporter -->
<testsuite skipped="0" hostname="prakharastogi01" name="com.redbus.tests.OffersPageTest" tests="1" failures="0" timestamp="04 Jul 2021 15:50:35 GMT" time="45.261" errors="0">
  <testcase name="validOffersPage" time="45.261" classname="com.redbus.tests.OffersPageTest"/>
</testsuite> <!-- com.redbus.tests.OffersPageTest -->
