<?xml version="1.0" encoding="UTF-8"?>
<!-- Generated by org.testng.reporters.JUnitReportReporter -->
<testsuite skipped="0" hostname="prakharastogi01" name="com.redbus.tests.BusPoolTest" tests="1" failures="0" timestamp="01 Jul 2021 15:58:40 GMT" time="22.935" errors="0">
  <testcase name="validBusPool" time="22.935" classname="com.redbus.tests.BusPoolTest"/>
</testsuite> <!-- com.redbus.tests.BusPoolTest -->
