<?xml version="1.0" encoding="UTF-8"?>
<!-- Generated by org.testng.reporters.JUnitReportReporter -->
<testsuite skipped="0" hostname="prakharastogi01" name="com.redbus.tests.CancelTicketTest" tests="2" failures="0" timestamp="02 Jul 2021 05:54:22 GMT" time="51.993" errors="0">
  <testcase name="validCancelTicket" time="15.792" classname="com.redbus.tests.CancelTicketTest"/>
  <testcase name="InvalidCancelTicket" time="36.201" classname="com.redbus.tests.CancelTicketTest"/>
</testsuite> <!-- com.redbus.tests.CancelTicketTest -->
