<?xml version="1.0" encoding="UTF-8"?>
<!-- Generated by org.testng.reporters.JUnitReportReporter -->
<testsuite skipped="0" hostname="prakharastogi01" name="com.redbus.tests.AgentRegistrationTest" tests="2" failures="0" timestamp="04 Jul 2021 14:39:34 GMT" time="65.076" errors="0">
  <testcase name="validAgentReg" time="24.237" classname="com.redbus.tests.AgentRegistrationTest"/>
  <testcase name="InvalidAgentReg" time="40.839" classname="com.redbus.tests.AgentRegistrationTest"/>
</testsuite> <!-- com.redbus.tests.AgentRegistrationTest -->
