<?xml version="1.0" encoding="UTF-8"?>
<!-- Generated by org.testng.reporters.JUnitReportReporter -->
<testsuite skipped="0" hostname="prakharastogi01" name="com.redbus.tests.MobileVersionTest" tests="1" failures="0" timestamp="01 Jul 2021 10:19:44 GMT" time="31.321" errors="0">
  <testcase name="validMobileVersionTest" time="31.321" classname="com.redbus.tests.MobileVersionTest"/>
</testsuite> <!-- com.redbus.tests.MobileVersionTest -->
