<?xml version="1.0" encoding="UTF-8"?>
<!-- Generated by org.testng.reporters.JUnitReportReporter -->
<testsuite skipped="0" hostname="prakharastogi01" name="com.redbus.tests.OpenGlobalSitesTest" tests="5" failures="0" timestamp="02 Jul 2021 13:35:18 GMT" time="134.462" errors="0">
  <testcase name="validGlobalPage1" time="23.872" classname="com.redbus.tests.OpenGlobalSitesTest"/>
  <testcase name="validGlobalPage2" time="39.021" classname="com.redbus.tests.OpenGlobalSitesTest"/>
  <testcase name="validGlobalPage3" time="36.494" classname="com.redbus.tests.OpenGlobalSitesTest"/>
  <testcase name="validGlobalPage4" time="20.490" classname="com.redbus.tests.OpenGlobalSitesTest"/>
  <testcase name="validGlobalPage5" time="14.585" classname="com.redbus.tests.OpenGlobalSitesTest"/>
</testsuite> <!-- com.redbus.tests.OpenGlobalSitesTest -->
