<?xml version="1.0" encoding="UTF-8"?>
<!-- Generated by org.testng.reporters.JUnitReportReporter -->
<testsuite skipped="0" hostname="prakharastogi01" name="com.redbus.tests.BusOperatorRegTest" tests="1" failures="0" timestamp="04 Jul 2021 14:48:20 GMT" time="37.005" errors="0">
  <testcase name="validOperatorReg" time="37.005" classname="com.redbus.tests.BusOperatorRegTest"/>
</testsuite> <!-- com.redbus.tests.BusOperatorRegTest -->
