<?xml version="1.0" encoding="UTF-8"?>
<!-- Generated by org.testng.reporters.JUnitReportReporter -->
<testsuite skipped="0" hostname="prakharastogi01" name="com.redbus.tests.ShowMyTicketTest" tests="1" failures="0" timestamp="02 Jul 2021 11:45:05 GMT" time="37.165" errors="0">
  <testcase name="validShowTicket" time="37.165" classname="com.redbus.tests.ShowMyTicketTest"/>
</testsuite> <!-- com.redbus.tests.ShowMyTicketTest -->
