<?xml version="1.0" encoding="UTF-8"?>
<!-- Generated by org.testng.reporters.JUnitReportReporter -->
<testsuite skipped="1" hostname="prakharastogi01" name="com.redbus.tests.BusHireTest" tests="2" failures="0" timestamp="01 Jul 2021 15:31:33 GMT" time="47.713" errors="0">
  <testcase name="validBusHireBtn" time="17.470" classname="com.redbus.tests.BusHireTest"/>
  <testcase name="validBusHireForm" time="30.243" classname="com.redbus.tests.BusHireTest">
    <skipped/>
  </testcase> <!-- validBusHireForm -->
</testsuite> <!-- com.redbus.tests.BusHireTest -->
