<?xml version="1.0" encoding="UTF-8"?>
<!-- Generated by org.testng.reporters.JUnitReportReporter -->
<testsuite skipped="0" hostname="prakharastogi01" name="com.redbus.tests.SearchTest" tests="3" failures="0" timestamp="04 Jul 2021 16:32:57 GMT" time="142.390" errors="0">
  <testcase name="When_User_Enter_Valid_From_InValid_To_and_Valid_Date" time="44.097" classname="com.redbus.tests.SearchTest"/>
  <testcase name="When_User_Enter_Valid_From_Valid_To_and_InValid_Date" time="54.423" classname="com.redbus.tests.SearchTest"/>
  <testcase name="When_User_Enter_Valid_From_Valid_To_and_Valid_Date" time="43.870" classname="com.redbus.tests.SearchTest"/>
</testsuite> <!-- com.redbus.tests.SearchTest -->
