<?xml version="1.0" encoding="UTF-8"?>
<!-- Generated by org.testng.reporters.JUnitReportReporter -->
<testsuite skipped="0" hostname="prakharastogi01" name="com.redbus.tests.UserAgreementTest" tests="1" failures="0" timestamp="04 Jul 2021 17:05:11 GMT" time="25.250" errors="0">
  <testcase name="validUserAgreementTest" time="25.250" classname="com.redbus.tests.UserAgreementTest"/>
</testsuite> <!-- com.redbus.tests.UserAgreementTest -->
