<?xml version="1.0" encoding="UTF-8"?>
<!-- Generated by org.testng.reporters.JUnitReportReporter -->
<testsuite skipped="0" hostname="prakharastogi01" name="com.redbus.tests.AgentRegistrationTest" tests="1" failures="0" timestamp="02 Jul 2021 05:54:22 GMT" time="34.998" errors="0">
  <testcase name="validAgentReg" time="34.998" classname="com.redbus.tests.AgentRegistrationTest"/>
</testsuite> <!-- com.redbus.tests.AgentRegistrationTest -->
