<?xml version="1.0" encoding="UTF-8"?>
<!-- Generated by org.testng.reporters.JUnitReportReporter -->
<testsuite skipped="0" hostname="prakharastogi01" name="com.redbus.tests.ShowMyTicketTest" tests="1" failures="0" timestamp="01 Jul 2021 08:14:10 GMT" time="36.669" errors="0">
  <testcase name="validAboutUs" time="36.669" classname="com.redbus.tests.ShowMyTicketTest"/>
</testsuite> <!-- com.redbus.tests.ShowMyTicketTest -->
