<?xml version="1.0" encoding="UTF-8"?>
<!-- Generated by org.testng.reporters.JUnitReportReporter -->
<testsuite skipped="0" hostname="prakharastogi01" name="com.redbus.tests.OtherSitesTest" tests="2" failures="0" timestamp="01 Jul 2021 12:58:22 GMT" time="43.982" errors="0">
  <testcase name="validGotoGoibibo" time="18.419" classname="com.redbus.tests.OtherSitesTest"/>
  <testcase name="validGotoMakeMyTrip" time="25.563" classname="com.redbus.tests.OtherSitesTest"/>
</testsuite> <!-- com.redbus.tests.OtherSitesTest -->
