<?xml version="1.0" encoding="UTF-8"?>
<!-- Generated by org.testng.reporters.JUnitReportReporter -->
<testsuite skipped="0" hostname="prakharastogi01" name="com.redbus.tests.ContactUsTest" tests="1" failures="0" timestamp="02 Jul 2021 05:54:22 GMT" time="27.776" errors="0">
  <testcase name="validContactUs" time="27.776" classname="com.redbus.tests.ContactUsTest"/>
</testsuite> <!-- com.redbus.tests.ContactUsTest -->
