<?xml version="1.0" encoding="UTF-8"?>
<!-- Generated by org.testng.reporters.JUnitReportReporter -->
<testsuite skipped="0" hostname="prakharastogi01" name="com.redbus.tests.OtherSitesTest" tests="2" failures="0" timestamp="04 Jul 2021 16:19:20 GMT" time="90.528" errors="0">
  <testcase name="validGotoGoibibo" time="47.148" classname="com.redbus.tests.OtherSitesTest"/>
  <testcase name="validGotoMakeMyTrip" time="43.380" classname="com.redbus.tests.OtherSitesTest"/>
</testsuite> <!-- com.redbus.tests.OtherSitesTest -->
