<?xml version="1.0" encoding="UTF-8"?>
<!-- Generated by org.testng.reporters.JUnitReportReporter -->
<testsuite skipped="0" hostname="prakharastogi01" name="com.redbus.tests.CancelTicketTest" tests="2" failures="0" timestamp="01 Jul 2021 16:08:57 GMT" time="81.934" errors="0">
  <testcase name="validCancelTicket" time="37.807" classname="com.redbus.tests.CancelTicketTest"/>
  <testcase name="InvalidCancelTicket" time="44.127" classname="com.redbus.tests.CancelTicketTest"/>
</testsuite> <!-- com.redbus.tests.CancelTicketTest -->
