<?xml version="1.0" encoding="UTF-8"?>
<!-- Generated by org.testng.reporters.JUnitReportReporter -->
<testsuite skipped="0" hostname="prakharastogi01" name="com.redbus.tests.CareerTest" tests="1" failures="0" timestamp="01 Jul 2021 08:14:10 GMT" time="34.637" errors="0">
  <testcase name="validCareerPageTest" time="34.637" classname="com.redbus.tests.CareerTest"/>
</testsuite> <!-- com.redbus.tests.CareerTest -->
