<?xml version="1.0" encoding="UTF-8"?>
<!-- Generated by org.testng.reporters.JUnitReportReporter -->
<testsuite skipped="0" hostname="prakharastogi01" name="com.redbus.tests.SignInTest" tests="1" failures="0" timestamp="04 Jul 2021 17:53:39 GMT" time="15.883" errors="0">
  <testcase name="validSignIn" time="15.883" classname="com.redbus.tests.SignInTest"/>
</testsuite> <!-- com.redbus.tests.SignInTest -->
