<?xml version="1.0" encoding="UTF-8"?>
<!-- Generated by org.testng.reporters.JUnitReportReporter -->
<testsuite skipped="0" hostname="prakharastogi01" name="com.redbus.tests.OpenGlobalSitesTest" tests="5" failures="0" timestamp="04 Jul 2021 15:55:18 GMT" time="204.183" errors="0">
  <testcase name="validGlobalPage1" time="40.338" classname="com.redbus.tests.OpenGlobalSitesTest"/>
  <testcase name="validGlobalPage2" time="36.064" classname="com.redbus.tests.OpenGlobalSitesTest"/>
  <testcase name="validGlobalPage3" time="46.561" classname="com.redbus.tests.OpenGlobalSitesTest"/>
  <testcase name="validGlobalPage4" time="43.977" classname="com.redbus.tests.OpenGlobalSitesTest"/>
  <testcase name="validGlobalPage5" time="37.243" classname="com.redbus.tests.OpenGlobalSitesTest"/>
</testsuite> <!-- com.redbus.tests.OpenGlobalSitesTest -->
