<?xml version="1.0" encoding="UTF-8"?>
<!-- Generated by org.testng.reporters.JUnitReportReporter -->
<testsuite skipped="0" hostname="prakharastogi01" name="com.redbus.tests.OtherSitesTest" tests="2" failures="0" timestamp="02 Jul 2021 05:54:22 GMT" time="63.826" errors="0">
  <testcase name="validGotoGoibibo" time="22.016" classname="com.redbus.tests.OtherSitesTest"/>
  <testcase name="validGotoMakeMyTrip" time="41.810" classname="com.redbus.tests.OtherSitesTest"/>
</testsuite> <!-- com.redbus.tests.OtherSitesTest -->
