<?xml version="1.0" encoding="UTF-8"?>
<!-- Generated by org.testng.reporters.JUnitReportReporter -->
<testsuite skipped="0" hostname="prakharastogi01" name="com.redbus.tests.EmailAndSmsTest" tests="1" failures="0" timestamp="02 Jul 2021 05:54:22 GMT" time="17.193" errors="0">
  <testcase name="validEmailAndSms" time="17.193" classname="com.redbus.tests.EmailAndSmsTest"/>
</testsuite> <!-- com.redbus.tests.EmailAndSmsTest -->
