<?xml version="1.0" encoding="UTF-8"?>
<!-- Generated by org.testng.reporters.JUnitReportReporter -->
<testsuite skipped="0" hostname="prakharastogi01" name="com.redbus.tests.ChangeTravelDateTest" tests="1" failures="0" timestamp="04 Jul 2021 15:15:00 GMT" time="34.093" errors="0">
  <testcase name="validChangeTravelDate" time="34.093" classname="com.redbus.tests.ChangeTravelDateTest"/>
</testsuite> <!-- com.redbus.tests.ChangeTravelDateTest -->
