<?xml version="1.0" encoding="UTF-8"?>
<!-- Generated by org.testng.reporters.JUnitReportReporter -->
<testsuite skipped="0" hostname="prakharastogi01" name="com.redbus.tests.AboutUsTest" tests="1" failures="0" timestamp="01 Jul 2021 15:26:04 GMT" time="19.891" errors="0">
  <testcase name="validAboutUs" time="19.891" classname="com.redbus.tests.AboutUsTest"/>
</testsuite> <!-- com.redbus.tests.AboutUsTest -->
