<?xml version="1.0" encoding="UTF-8"?>
<!-- Generated by org.testng.reporters.JUnitReportReporter -->
<testsuite skipped="0" hostname="prakharastogi01" name="com.redbus.tests.ShowMyTicketTest" tests="1" failures="0" timestamp="04 Jul 2021 16:49:59 GMT" time="36.752" errors="0">
  <testcase name="validShowTicket" time="36.752" classname="com.redbus.tests.ShowMyTicketTest"/>
</testsuite> <!-- com.redbus.tests.ShowMyTicketTest -->
