<?xml version="1.0" encoding="UTF-8"?>
<!-- Generated by org.testng.reporters.JUnitReportReporter -->
<testsuite skipped="0" hostname="prakharastogi01" name="com.redbus.tests.CancelTicketTest" tests="2" failures="0" timestamp="04 Jul 2021 15:12:20 GMT" time="74.564" errors="0">
  <testcase name="validCancelTicket" time="35.712" classname="com.redbus.tests.CancelTicketTest"/>
  <testcase name="InvalidCancelTicket" time="38.852" classname="com.redbus.tests.CancelTicketTest"/>
</testsuite> <!-- com.redbus.tests.CancelTicketTest -->
