<?xml version="1.0" encoding="UTF-8"?>
<!-- Generated by org.testng.reporters.JUnitReportReporter -->
<testsuite skipped="0" hostname="prakharastogi01" name="com.redbus.tests.AboutUsTest" tests="1" failures="0" timestamp="04 Jul 2021 14:35:20 GMT" time="24.271" errors="0">
  <testcase name="validAboutUs" time="24.271" classname="com.redbus.tests.AboutUsTest"/>
</testsuite> <!-- com.redbus.tests.AboutUsTest -->
