<?xml version="1.0" encoding="UTF-8"?>
<!-- Generated by org.testng.reporters.JUnitReportReporter -->
<testsuite skipped="0" hostname="prakharastogi01" name="com.redbus.tests.SearchTest" tests="3" failures="0" timestamp="02 Jul 2021 11:22:35 GMT" time="88.858" errors="0">
  <testcase name="When_User_Enter_Valid_From_Valid_To_and_Valid_Date" time="23.204" classname="com.redbus.tests.SearchTest"/>
  <testcase name="When_User_Enter_Valid_From_Valid_To_and_InValid_Date" time="43.708" classname="com.redbus.tests.SearchTest"/>
  <testcase name="When_User_Enter_Valid_From_InValid_To_and_Valid_Date" time="21.946" classname="com.redbus.tests.SearchTest"/>
</testsuite> <!-- com.redbus.tests.SearchTest -->
