<?xml version="1.0" encoding="UTF-8"?>
<!-- Generated by org.testng.reporters.JUnitReportReporter -->
<testsuite skipped="0" hostname="prakharastogi01" name="com.redbus.tests.OtherSitesTest" tests="2" failures="0" timestamp="05 Jul 2021 12:00:43 GMT" time="34.791" errors="0">
  <testcase name="validGotoGoibibo" time="17.986" classname="com.redbus.tests.OtherSitesTest"/>
  <testcase name="validGotoMakeMyTrip" time="16.805" classname="com.redbus.tests.OtherSitesTest"/>
</testsuite> <!-- com.redbus.tests.OtherSitesTest -->
