<?xml version="1.0" encoding="UTF-8"?>
<!-- Generated by org.testng.reporters.JUnitReportReporter -->
<testsuite skipped="0" hostname="prakharastogi01" name="com.redbus.tests.OpenGlobalSitesTest" tests="3" failures="0" timestamp="01 Jul 2021 08:14:10 GMT" time="59.938" errors="0">
  <testcase name="validGlobalPage1" time="13.945" classname="com.redbus.tests.OpenGlobalSitesTest"/>
  <testcase name="validGlobalPage2" time="32.832" classname="com.redbus.tests.OpenGlobalSitesTest"/>
  <testcase name="validGlobalPage3" time="13.161" classname="com.redbus.tests.OpenGlobalSitesTest"/>
</testsuite> <!-- com.redbus.tests.OpenGlobalSitesTest -->
