<?xml version="1.0" encoding="UTF-8"?>
<!-- Generated by org.testng.reporters.JUnitReportReporter -->
<testsuite skipped="0" hostname="prakharastogi01" name="com.redbus.tests.EmailAndSmsTest" tests="1" failures="0" timestamp="04 Jul 2021 15:22:16 GMT" time="20.272" errors="0">
  <testcase name="validEmailAndSms" time="20.272" classname="com.redbus.tests.EmailAndSmsTest"/>
</testsuite> <!-- com.redbus.tests.EmailAndSmsTest -->
