<?xml version="1.0" encoding="UTF-8"?>
<!-- Generated by org.testng.reporters.JUnitReportReporter -->
<testsuite skipped="0" hostname="prakharastogi01" name="com.redbus.tests.BusHireTest" tests="3" failures="0" timestamp="04 Jul 2021 16:15:34 GMT" time="152.801" errors="0">
  <testcase name="validBusHireForm1" time="62.828" classname="com.redbus.tests.BusHireTest"/>
  <testcase name="validBusHireBtn" time="34.856" classname="com.redbus.tests.BusHireTest"/>
  <testcase name="validBusHireForm2" time="55.117" classname="com.redbus.tests.BusHireTest"/>
</testsuite> <!-- com.redbus.tests.BusHireTest -->
